<?xml version="1.0" encoding="UTF-8"?>
<!-- Generated by org.testng.reporters.JUnitReportReporter -->
<testsuite hostname="DESKTOP-OLMI7T4" failures="0" tests="1" name="com.mystore.testcases.OrderPageTest" time="18.880" errors="0" timestamp="2024-11-06T21:29:21 WAT" skipped="0">
  <testcase classname="com.mystore.testcases.OrderPageTest" name="verifyTotalPriceTest" time="18.880"/>
  <system-out/>
</testsuite> <!-- com.mystore.testcases.OrderPageTest -->
