<?xml version="1.0" encoding="UTF-8"?>
<!-- Generated by org.testng.reporters.JUnitReportReporter -->
<testsuite hostname="DESKTOP-OLMI7T4" failures="0" tests="1" name="com.mystore.testcases.LoginPageTest" time="12.841" errors="0" timestamp="2024-10-29T09:44:17 WAT" skipped="0">
  <testcase classname="com.mystore.testcases.LoginPageTest" name="loginTest" time="12.841"/>
  <system-out/>
</testsuite> <!-- com.mystore.testcases.LoginPageTest -->
