<?xml version="1.0" encoding="UTF-8"?>
<!-- Generated by org.testng.reporters.JUnitReportReporter -->
<testsuite hostname="DESKTOP-OLMI7T4" failures="0" tests="1" name="com.mystore.testcases.AccountCreationTest" time="10.408" errors="0" timestamp="2024-11-06T16:29:42 WAT" skipped="0">
  <testcase classname="com.mystore.testcases.AccountCreationTest" name="validateFormTitleTest" time="10.408"/>
  <system-out/>
</testsuite> <!-- com.mystore.testcases.AccountCreationTest -->
