<?xml version="1.0" encoding="UTF-8"?>
<!-- Generated by org.testng.reporters.JUnitReportReporter -->
<testsuite hostname="DESKTOP-OLMI7T4" failures="0" tests="2" name="com.mystore.testcases.HomePageTest" time="19.111" errors="0" timestamp="2024-11-06T16:28:09 WAT" skipped="0">
  <testcase classname="com.mystore.testcases.HomePageTest" name="validateMyAddressesTest" time="9.334"/>
  <system-out/>
  <testcase classname="com.mystore.testcases.HomePageTest" name="validateMyPersonalInformationTest" time="9.777"/>
  <system-out/>
</testsuite> <!-- com.mystore.testcases.HomePageTest -->
