<?xml version="1.0" encoding="UTF-8"?>
<!-- Generated by org.testng.reporters.JUnitReportReporter -->
<testsuite hostname="DESKTOP-OLMI7T4" failures="0" tests="1" name="com.mystore.testcases.SearchResultPageTest" time="7.972" errors="0" timestamp="2024-11-06T16:28:09 WAT" skipped="0">
  <testcase classname="com.mystore.testcases.SearchResultPageTest" name="isProductAvailableTest" time="7.972"/>
  <system-out/>
</testsuite> <!-- com.mystore.testcases.SearchResultPageTest -->
