<?xml version="1.0" encoding="UTF-8"?>
<!-- Generated by org.testng.reporters.JUnitReportReporter -->
<testsuite hostname="DESKTOP-OLMI7T4" failures="0" tests="3" name="com.mystore.testcases.IndexPageTest" time="26.676" errors="0" timestamp="2024-11-06T16:28:09 WAT" skipped="0">
  <testcase classname="com.mystore.testcases.IndexPageTest" name="verifyTitle" time="6.597"/>
  <system-out/>
  <testcase classname="com.mystore.testcases.IndexPageTest" name="testSearchProduct" time="13.263"/>
  <system-out/>
  <testcase classname="com.mystore.testcases.IndexPageTest" name="verifyLogo" time="6.816"/>
  <system-out/>
</testsuite> <!-- com.mystore.testcases.IndexPageTest -->
