<?xml version="1.0" encoding="UTF-8"?>
<!-- Generated by org.testng.reporters.JUnitReportReporter -->
<testsuite hostname="DESKTOP-OLMI7T4" failures="0" tests="1" name="com.mystore.testcases.EndToEndTest" time="47.010" errors="0" timestamp="2024-11-06T21:29:21 WAT" skipped="0">
  <testcase classname="com.mystore.testcases.EndToEndTest" name="endToEndTest" time="47.010"/>
  <system-out/>
</testsuite> <!-- com.mystore.testcases.EndToEndTest -->
